# If this log is to be used for incremental obfuscation / patch generation, 
# add any '.class', '.method', '.field' and '.attribute' restrictions here:


#-DO-NOT-EDIT-BELOW-THIS-LINE------------------DO-NOT-EDIT-BELOW-THIS-LINE--
#
# RetroGuard v2.3.1, by Retrologic Systems - www.retrologic.com
#
# Logfile created on Mon Apr 25 19:43:58 EDT 2011
#
# Jar file to be obfuscated:           temp.jar
# Target Jar file for obfuscated code: CS330_S11_OrbitalGUI.jar
# RetroGuard Script file used:         retroguard.dat
#
#
# Memory in use after class data structure built: 3317184 bytes
# Total memory available                        : 518520832 bytes
#
#
# Obfuscated name overloading frequency:
#  'a'   	used 24 times	(38%)
#  'if'   	used 9 times	(14%)
#  'do'   	used 4 times	(6%)
#  'for'   	used 3 times	(4%)
#  'byte'   	used 2 times	(3%)
#  'case'   	used 2 times	(3%)
#  'else'   	used 2 times	(3%)
#  'b'   	used 2 times	(3%)
#  'new'   	used 2 times	(3%)
#  'int'   	used 2 times	(3%)
#  'void'   	used 2 times	(3%)
#  'try'   	used 2 times	(3%)
#  'long'   	used 2 times	(3%)
#  'char'   	used 2 times	(3%)
#  'goto'   	used 2 times	(3%)
#  'c'   	used 1 times	(1%)
#  Other names (each used in <1% of mappings) used a total of 0 times (4%)
#
#
# Names reserved from obfuscation:
#
.class Orbital
.method Orbital/stop ()V
.method Orbital/init ()V
.method Orbital/start ()V
.method Orbital/destroy ()V
.method Orbital/main ([Ljava/lang/String;)V
#
#
# Obfuscated name mappings (some of these may be unchanged due to polymorphism constraints):
#
.class_map Orbital$8 8
.method_map Orbital$8/windowClosing (Ljava/awt/event/WindowEvent;)V windowClosing
.class_map Orbital$7 7
.field_map Orbital$7/this$0 a
.method_map Orbital$7/actionPerformed (Ljava/awt/event/ActionEvent;)V actionPerformed
.class_map Orbital$6 6
.field_map Orbital$6/this$0 a
.method_map Orbital$6/actionPerformed (Ljava/awt/event/ActionEvent;)V actionPerformed
.class_map Orbital$5 5
.field_map Orbital$5/this$0 a
.method_map Orbital$5/actionPerformed (Ljava/awt/event/ActionEvent;)V actionPerformed
.class_map Orbital$4 4
.field_map Orbital$4/this$0 a
.method_map Orbital$4/actionPerformed (Ljava/awt/event/ActionEvent;)V actionPerformed
.class_map Orbital$drawFractal a
.field_map Orbital$drawFractal/this$0 a
.field_map Orbital$drawFractal/g if
.field_map Orbital$drawFractal/d do
.method_map Orbital$drawFractal/run ()V run
.class_map Orbital$3 3
.field_map Orbital$3/this$0 a
.method_map Orbital$3/actionPerformed (Ljava/awt/event/ActionEvent;)V actionPerformed
.class_map Orbital$2 2
.field_map Orbital$2/this$0 a
.method_map Orbital$2/actionPerformed (Ljava/awt/event/ActionEvent;)V actionPerformed
.class_map Orbital$1 1
.field_map Orbital$1/this$0 a
.method_map Orbital$1/paint (Ljava/awt/Graphics;)V paint
.field_map Orbital/bIn a
.field_map Orbital/canvas if
.field_map Orbital/optionspanel do
.field_map Orbital/cIn for
.field_map Orbital/buffer int
.field_map Orbital/nDotsIn new
.field_map Orbital/nDots try
.field_map Orbital/colorChooser2 byte
.field_map Orbital/colorChooser1 case
.field_map Orbital/c char
.field_map Orbital/b else
.field_map Orbital/a goto
.field_map Orbital/color2 long
.field_map Orbital/aIn void
.field_map Orbital/color1 b
.field_map Orbital/self c
.method_map Orbital/getFrame ()Ljavax/swing/JFrame; a
.method_map Orbital/nextX (DD)D a
.method_map Orbital/redrawFractal ()V if
.method_map Orbital/access$300 (LOrbital;)Ljavax/swing/JButton; a
.method_map Orbital/access$1200 (LOrbital;)I if
.method_map Orbital/access$1202 (LOrbital;I)I a
.method_map Orbital/access$1600 (LOrbital;Ljava/awt/Color;Ljava/awt/Color;II)Ljava/awt/Color; a
.method_map Orbital/access$1500 (LOrbital;DD)D a
.method_map Orbital/nextY (DD)D if
.method_map Orbital/access$1700 (LOrbital;)Ljavax/swing/JPanel; do
.method_map Orbital/access$800 (LOrbital;)I for
.method_map Orbital/access$400 (LOrbital;)V int
.method_map Orbital/access$702 (LOrbital;Ljava/awt/Color;)Ljava/awt/Color; a
.method_map Orbital/access$000 (LOrbital;)Ljava/awt/Image; new
.method_map Orbital/access$200 (LOrbital;)Ljavax/swing/JApplet; try
.method_map Orbital/access$1000 (LOrbital;)I byte
.method_map Orbital/access$1400 (LOrbital;DD)D if
.method_map Orbital/interpolate (Ljava/awt/Color;Ljava/awt/Color;II)Ljava/awt/Color; a
.method_map Orbital/access$802 (LOrbital;I)I if
.method_map Orbital/access$1002 (LOrbital;I)I do
.method_map Orbital/access$500 (LOrbital;)I case
.method_map Orbital/access$600 (LOrbital;)LIntegerInput; char
.method_map Orbital/access$900 (LOrbital;)LIntegerInput; else
.method_map Orbital/access$502 (LOrbital;I)I for
.method_map Orbital/access$100 (LOrbital;)Ljava/awt/Color; goto
.method_map Orbital/access$700 (LOrbital;)Ljava/awt/Color; long
.method_map Orbital/interpolate (IIII)I a
.method_map Orbital/access$102 (LOrbital;Ljava/awt/Color;)Ljava/awt/Color; if
.method_map Orbital/access$1300 (LOrbital;)LIntegerInput; void
.method_map Orbital/access$1100 (LOrbital;)LIntegerInput; b
.class_map IntegerInput a
.field_map IntegerInput/intIn a
.method_map IntegerInput/getInt ()I a
.method_map IntegerInput/removeActionListener (Ljava/awt/event/ActionListener;)V a
.method_map IntegerInput/setValue (I)V a
.method_map IntegerInput/addActionListener (Ljava/awt/event/ActionListener;)V if
